[debug] [2021-09-26T08:24:57.955Z] ----------------------------------------------------------------------
[debug] [2021-09-26T08:24:57.958Z] Command:       C:\Program Files\nodejs\node.exe C:\Users\mennatallah.ramadan\AppData\Roaming\npm\node_modules\firebase-tools\lib\bin\firebase.js init
[debug] [2021-09-26T08:24:57.958Z] CLI Version:   9.18.0
[debug] [2021-09-26T08:24:57.958Z] Platform:      win32
[debug] [2021-09-26T08:24:57.958Z] Node Version:  v10.15.0
[debug] [2021-09-26T08:24:57.960Z] Time:          Sun Sep 26 2021 10:24:57 GMT+0200 (Eastern European Standard Time)
[debug] [2021-09-26T08:24:57.960Z] ----------------------------------------------------------------------
[debug] 
[debug] [2021-09-26T08:24:57.974Z] > command requires scopes: ["email","openid","https://www.googleapis.com/auth/cloudplatformprojects.readonly","https://www.googleapis.com/auth/firebase","https://www.googleapis.com/auth/cloud-platform"]
[debug] [2021-09-26T08:24:57.974Z] > authorizing via signed-in user (mennaa.ramadan@gmail.com)
[info] 
     ######## #### ########  ######## ########     ###     ######  ########
     ##        ##  ##     ## ##       ##     ##  ##   ##  ##       ##
     ######    ##  ########  ######   ########  #########  ######  ######
     ##        ##  ##    ##  ##       ##     ## ##     ##       ## ##
     ##       #### ##     ## ######## ########  ##     ##  ######  ########

You're about to initialize a Firebase project in this directory:

  C:\Users\mennatallah.ramadan\Desktop\PWA\Get start\course-project-starting-setup\course-project-starting-setup

[info] 
=== Project Setup
[info] 
[info] First, let's associate this project directory with a Firebase project.
[info] You can create multiple project aliases by running firebase use --add, 
[info] but for now we'll just set up a default project.
[info] 
[debug] [2021-09-26T08:25:08.638Z] > refreshing access token with scopes: []
[debug] [2021-09-26T08:25:08.639Z] >>> HTTP REQUEST POST https://www.googleapis.com/oauth2/v3/token  
 <request body omitted>
[debug] [2021-09-26T08:25:08.911Z] <<< HTTP RESPONSE 200 {"pragma":"no-cache","date":"Sun, 26 Sep 2021 08:25:08 GMT","cache-control":"no-cache, no-store, max-age=0, must-revalidate","expires":"Mon, 01 Jan 1990 00:00:00 GMT","content-type":"application/json; charset=utf-8","vary":"X-Origin, Referer, Origin,Accept-Encoding","server":"scaffolding on HTTPServer2","x-xss-protection":"0","x-frame-options":"SAMEORIGIN","x-content-type-options":"nosniff","alt-svc":"h3=\":443\"; ma=2592000,h3-29=\":443\"; ma=2592000,h3-T051=\":443\"; ma=2592000,h3-Q050=\":443\"; ma=2592000,h3-Q046=\":443\"; ma=2592000,h3-Q043=\":443\"; ma=2592000,quic=\":443\"; ma=2592000; v=\"46,43\"","accept-ranges":"none","transfer-encoding":"chunked"}
[debug] [2021-09-26T08:25:08.932Z] >>> [apiv2][query] GET https://firebase.googleapis.com/v1beta1/projects pageSize=100
[debug] [2021-09-26T08:25:09.487Z] <<< [apiv2][status] GET https://firebase.googleapis.com/v1beta1/projects 200
[debug] [2021-09-26T08:25:09.488Z] <<< [apiv2][body] GET https://firebase.googleapis.com/v1beta1/projects [omitted]
[info] i  Using project pwaprogram-4dd56 (pwaProgram) 
[info] 
=== Functions Setup
[info] 
[info] A functions directory will be created in your project with sample code
[info] pre-configured. Functions can be deployed with firebase deploy.
[info] 
[debug] [2021-09-26T08:25:10.560Z] > command requires scopes: ["email","openid","https://www.googleapis.com/auth/cloudplatformprojects.readonly","https://www.googleapis.com/auth/firebase","https://www.googleapis.com/auth/cloud-platform"]
[debug] [2021-09-26T08:25:10.560Z] > authorizing via signed-in user (mennaa.ramadan@gmail.com)
[debug] [2021-09-26T08:25:10.560Z] [iam] checking project pwaprogram-4dd56 for permissions ["firebase.projects.get"]
[debug] [2021-09-26T08:25:10.561Z] > refreshing access token with scopes: ["email","https://www.googleapis.com/auth/cloud-platform","https://www.googleapis.com/auth/cloudplatformprojects.readonly","https://www.googleapis.com/auth/firebase","openid"]
[debug] [2021-09-26T08:25:10.562Z] >>> HTTP REQUEST POST https://www.googleapis.com/oauth2/v3/token  
 <request body omitted>
[debug] [2021-09-26T08:25:10.749Z] <<< HTTP RESPONSE 200 {"expires":"Mon, 01 Jan 1990 00:00:00 GMT","date":"Sun, 26 Sep 2021 08:25:10 GMT","pragma":"no-cache","cache-control":"no-cache, no-store, max-age=0, must-revalidate","content-type":"application/json; charset=utf-8","vary":"X-Origin, Referer, Origin,Accept-Encoding","server":"scaffolding on HTTPServer2","x-xss-protection":"0","x-frame-options":"SAMEORIGIN","x-content-type-options":"nosniff","alt-svc":"h3=\":443\"; ma=2592000,h3-29=\":443\"; ma=2592000,h3-T051=\":443\"; ma=2592000,h3-Q050=\":443\"; ma=2592000,h3-Q046=\":443\"; ma=2592000,h3-Q043=\":443\"; ma=2592000,quic=\":443\"; ma=2592000; v=\"46,43\"","accept-ranges":"none","transfer-encoding":"chunked"}
[debug] [2021-09-26T08:25:10.779Z] >>> HTTP REQUEST POST https://cloudresourcemanager.googleapis.com/v1/projects/pwaprogram-4dd56:testIamPermissions  
 {"permissions":["firebase.projects.get"]}
[debug] [2021-09-26T08:25:11.684Z] <<< HTTP RESPONSE 200 {"content-type":"application/json; charset=UTF-8","vary":"X-Origin, Referer, Origin,Accept-Encoding","date":"Sun, 26 Sep 2021 08:25:11 GMT","server":"ESF","cache-control":"private","x-xss-protection":"0","x-frame-options":"SAMEORIGIN","x-content-type-options":"nosniff","server-timing":"gfet4t7; dur=611","alt-svc":"h3=\":443\"; ma=2592000,h3-29=\":443\"; ma=2592000,h3-T051=\":443\"; ma=2592000,h3-Q050=\":443\"; ma=2592000,h3-Q046=\":443\"; ma=2592000,h3-Q043=\":443\"; ma=2592000,quic=\":443\"; ma=2592000; v=\"46,43\"","accept-ranges":"none","transfer-encoding":"chunked"}
[debug] [2021-09-26T08:25:11.691Z] >>> HTTP REQUEST POST https://serviceusage.googleapis.com/v1/projects/pwaprogram-4dd56/services/cloudfunctions.googleapis.com:enable  
 
[debug] [2021-09-26T08:25:11.693Z] >>> HTTP REQUEST POST https://serviceusage.googleapis.com/v1/projects/pwaprogram-4dd56/services/runtimeconfig.googleapis.com:enable  
 
[debug] [2021-09-26T08:25:12.671Z] <<< HTTP RESPONSE 200 {"content-type":"application/json; charset=UTF-8","vary":"X-Origin, Referer, Origin,Accept-Encoding","date":"Sun, 26 Sep 2021 08:25:12 GMT","server":"ESF","cache-control":"private","x-xss-protection":"0","x-frame-options":"SAMEORIGIN","x-content-type-options":"nosniff","alt-svc":"h3=\":443\"; ma=2592000,h3-29=\":443\"; ma=2592000,h3-T051=\":443\"; ma=2592000,h3-Q050=\":443\"; ma=2592000,h3-Q046=\":443\"; ma=2592000,h3-Q043=\":443\"; ma=2592000,quic=\":443\"; ma=2592000; v=\"46,43\"","accept-ranges":"none","transfer-encoding":"chunked"}
[debug] [2021-09-26T08:25:12.739Z] <<< HTTP RESPONSE 200 {"content-type":"application/json; charset=UTF-8","vary":"X-Origin, Referer, Origin,Accept-Encoding","date":"Sun, 26 Sep 2021 08:25:12 GMT","server":"ESF","cache-control":"private","x-xss-protection":"0","x-frame-options":"SAMEORIGIN","x-content-type-options":"nosniff","alt-svc":"h3=\":443\"; ma=2592000,h3-29=\":443\"; ma=2592000,h3-T051=\":443\"; ma=2592000,h3-Q050=\":443\"; ma=2592000,h3-Q046=\":443\"; ma=2592000,h3-Q043=\":443\"; ma=2592000,quic=\":443\"; ma=2592000; v=\"46,43\"","accept-ranges":"none","transfer-encoding":"chunked"}
[info] i  Skipping write of functions/package.json 
[info] i  Skipping write of functions/tsconfig.json 
[info] i  Skipping write of functions/src/index.ts 
[info] i  Skipping write of functions/.gitignore 
[info] 
=== Hosting Setup
[info] 
[info] Your public directory is the folder (relative to your project directory) that
[info] will contain Hosting assets to be uploaded with firebase deploy. If you
[info] have a build process for your assets, use your build's output directory.
[info] 
[info] i  Skipping write of public/404.html 
[debug] [2021-09-26T08:25:44.803Z] >>> [apiv2][query] GET https://www.gstatic.com/firebasejs/releases.json [none]
[debug] [2021-09-26T08:25:45.026Z] <<< [apiv2][status] GET https://www.gstatic.com/firebasejs/releases.json 200
[debug] [2021-09-26T08:25:45.026Z] <<< [apiv2][body] GET https://www.gstatic.com/firebasejs/releases.json {"current":{"version":"9.1.0","browserURL":"https://www.gstatic.com/firebasejs/9.1.0/firebase.js","packageURL":"https://www.gstatic.com/firebasejs/9.1.0/firebase.tgz"},"live":{"version":"9.1","browserURL":"https://www.gstatic.com/firebasejs/live/9.1/firebase.js","packageURL":"https://www.gstatic.com/firebasejs/live/9.1/firebase.tgz"},"components":{"analytics":"https://www.gstatic.com/firebasejs/9.1.0/firebase-analytics.js","app":"https://www.gstatic.com/firebasejs/9.1.0/firebase-app.js","app-check":"https://www.gstatic.com/firebasejs/9.1.0/firebase-app-check.js","auth":"https://www.gstatic.com/firebasejs/9.1.0/firebase-auth.js","auth/cordova":"https://www.gstatic.com/firebasejs/9.1.0/firebase-auth/cordova.js","auth/react-native":"https://www.gstatic.com/firebasejs/9.1.0/firebase-auth/react-native.js","functions":"https://www.gstatic.com/firebasejs/9.1.0/firebase-functions.js","firestore":"https://www.gstatic.com/firebasejs/9.1.0/firebase-firestore.js","firestore/lite":"https://www.gstatic.com/firebasejs/9.1.0/firebase-firestore/lite.js","storage":"https://www.gstatic.com/firebasejs/9.1.0/firebase-storage.js","performance":"https://www.gstatic.com/firebasejs/9.1.0/firebase-performance.js","remote-config":"https://www.gstatic.com/firebasejs/9.1.0/firebase-remote-config.js","messaging":"https://www.gstatic.com/firebasejs/9.1.0/firebase-messaging.js","messaging/sw":"https://www.gstatic.com/firebasejs/9.1.0/firebase-messaging/sw.js","database":"https://www.gstatic.com/firebasejs/9.1.0/firebase-database.js","firestore.memory":"https://www.gstatic.com/firebasejs/9.1.0/firebase-firestore.memory.js"}}
[info] i  Skipping write of public/index.html 
[info] 
=== Hosting:github Setup
[info] 
[info] i  Detected a .git folder at C:\Users\mennatallah.ramadan\Desktop\PWA\Get start\course-project-starting-setup\course-project-starting-setup 
[info] i  Authorizing with GitHub to upload your service account to a GitHub repository's secrets store. 
[info] 
[info] Visit this URL on this device to log in:
[info] https://github.com/login/oauth/authorize?client_id=89cf50f02ac6aaed3484&state=759224788&redirect_uri=http%3A%2F%2Flocalhost%3A9005&scope=read%3Auser%20repo%20public_repo
[info] 
[info] Waiting for authentication...
[debug] [2021-09-26T08:25:48.442Z] >>> HTTP REQUEST POST https://github.com/login/oauth/access_token  
 {"client_id":"89cf50f02ac6aaed3484","client_secret":"3330d14abc895d9a74d5f17cd7a00711fa2c5bf0","code":"e7ce9123b9389d62658e","redirect_uri":"http://localhost:9005","state":"759224788"}
[debug] [2021-09-26T08:25:48.906Z] <<< HTTP RESPONSE 200 {"server":"GitHub.com","date":"Sun, 26 Sep 2021 08:25:48 GMT","content-type":"application/json; charset=utf-8","transfer-encoding":"chunked","vary":"X-PJAX, X-PJAX-Container, Accept-Encoding, Accept, X-Requested-With","permissions-policy":"interest-cohort=()","etag":"W/\"cde2494bef8df21de6536ad2591d3048\"","cache-control":"max-age=0, private, must-revalidate","strict-transport-security":"max-age=31536000; includeSubdomains; preload","x-frame-options":"deny","x-content-type-options":"nosniff","x-xss-protection":"0","referrer-policy":"origin-when-cross-origin, strict-origin-when-cross-origin","expect-ct":"max-age=2592000, report-uri=\"https://api.github.com/_private/browser/errors\"","content-security-policy":"default-src 'none'; base-uri 'self'; block-all-mixed-content; child-src github.githubassets.com; connect-src 'self' uploads.github.com www.githubstatus.com collector.githubapp.com api.github.com github-cloud.s3.amazonaws.com github-production-repository-file-5c1aeb.s3.amazonaws.com github-production-upload-manifest-file-7fdce7.s3.amazonaws.com github-production-user-asset-6210df.s3.amazonaws.com cdn.optimizely.com logx.optimizely.com/v1/events translator.github.com wss://alive.github.com; font-src github.githubassets.com; form-action 'self' github.com gist.github.com; frame-ancestors 'none'; frame-src render.githubusercontent.com viewscreen.githubusercontent.com; img-src 'self' data: github.githubassets.com identicons.github.com collector.githubapp.com github-cloud.s3.amazonaws.com secured-user-images.githubusercontent.com/ *.githubusercontent.com; manifest-src 'self'; media-src github.com user-images.githubusercontent.com/; script-src github.githubassets.com; style-src 'unsafe-inline' github.githubassets.com; worker-src github.githubassets.com github.com/socket-worker-0af8a29d.js gist.github.com/socket-worker-0af8a29d.js","x-github-request-id":"C4DF:122B3:1A101E9:1B66196:61502E8C"}
[debug] [2021-09-26T08:25:48.918Z] >>> [apiv2][query] GET https://api.github.com/user [none]
[debug] [2021-09-26T08:25:49.414Z] <<< [apiv2][status] GET https://api.github.com/user 200
[debug] [2021-09-26T08:25:49.414Z] <<< [apiv2][body] GET https://api.github.com/user {"login":"MennaRamadan","id":12109545,"node_id":"MDQ6VXNlcjEyMTA5NTQ1","avatar_url":"https://avatars.githubusercontent.com/u/12109545?v=4","gravatar_id":"","url":"https://api.github.com/users/MennaRamadan","html_url":"https://github.com/MennaRamadan","followers_url":"https://api.github.com/users/MennaRamadan/followers","following_url":"https://api.github.com/users/MennaRamadan/following{/other_user}","gists_url":"https://api.github.com/users/MennaRamadan/gists{/gist_id}","starred_url":"https://api.github.com/users/MennaRamadan/starred{/owner}{/repo}","subscriptions_url":"https://api.github.com/users/MennaRamadan/subscriptions","organizations_url":"https://api.github.com/users/MennaRamadan/orgs","repos_url":"https://api.github.com/users/MennaRamadan/repos","events_url":"https://api.github.com/users/MennaRamadan/events{/privacy}","received_events_url":"https://api.github.com/users/MennaRamadan/received_events","type":"User","site_admin":false,"name":null,"company":"ITWorx","blog":"","location":"Egypt","email":"mennaa.ramadan@gmail.com","hireable":null,"bio":null,"twitter_username":null,"public_repos":33,"public_gists":0,"followers":10,"following":20,"created_at":"2015-04-25T08:04:19Z","updated_at":"2021-09-16T09:06:59Z","private_gists":0,"total_private_repos":0,"owned_private_repos":0,"disk_usage":65475,"collaborators":0,"two_factor_authentication":false,"plan":{"name":"free","space":976562499,"collaborators":0,"private_repos":10000}}
[info] 
[info] +  Success! Logged into GitHub as MennaRamadan 
[info] 
[debug] [2021-09-26T08:25:51.207Z] >>> [apiv2][query] GET https://api.github.com/repos//actions/secrets/public-key type=owner
[debug] [2021-09-26T08:25:51.550Z] <<< [apiv2][status] GET https://api.github.com/repos//actions/secrets/public-key 404
[debug] [2021-09-26T08:25:51.550Z] <<< [apiv2][body] GET https://api.github.com/repos//actions/secrets/public-key {"message":"Not Found","documentation_url":"https://docs.github.com/rest"}
[debug] [2021-09-26T08:25:52.152Z] >>> [apiv2][query] GET https://api.github.com/repos//actions/secrets/public-key type=owner
[debug] [2021-09-26T08:25:52.339Z] >>> [apiv2][query] GET https://api.github.com/repos//actions/secrets/public-key type=owner
[debug] [2021-09-26T08:25:52.509Z] <<< [apiv2][status] GET https://api.github.com/repos//actions/secrets/public-key 404
[debug] [2021-09-26T08:25:52.510Z] <<< [apiv2][body] GET https://api.github.com/repos//actions/secrets/public-key {"message":"Not Found","documentation_url":"https://docs.github.com/rest"}
[debug] [2021-09-26T08:25:52.691Z] <<< [apiv2][status] GET https://api.github.com/repos//actions/secrets/public-key 404
[debug] [2021-09-26T08:25:52.692Z] <<< [apiv2][body] GET https://api.github.com/repos//actions/secrets/public-key {"message":"Not Found","documentation_url":"https://docs.github.com/rest"}
